# JRE version: OpenJDK Runtime Environment (8.0_242-b01) (build 1.8.0_242-release-1644-b01)
# Java VM: OpenJDK 64-Bit Server VM (25.242-b01 mixed mode windows-amd64 compressed oops)
Heap:
 PSYoungGen      total 620544K, used 594496K [0x00000000d5580000, 0x0000000100000000, 0x0000000100000000)
  eden space 547328K, 100% used [0x00000000d5580000,0x00000000f6c00000,0x00000000f6c00000)
  from space 73216K, 64% used [0x00000000fb880000,0x00000000fe690090,0x0000000100000000)
  to   space 75776K, 73% used [0x00000000f6c00000,0x00000000fa2380a0,0x00000000fb600000)
 ParOldGen       total 214016K, used 167438K [0x0000000080000000, 0x000000008d100000, 0x00000000d5580000)
  object space 214016K, 78% used [0x0000000080000000,0x000000008a383ae8,0x000000008d100000)
 Metaspace       used 105241K, capacity 110466K, committed 110504K, reserved 1144832K
  class space    used 13631K, capacity 14728K, committed 14760K, reserved 1048576K
GC Heap History (10 events):
Event: 490.960 GC heap after
Heap after GC invocations=20 (full 4):
 PSYoungGen      total 463872K, used 11228K [0x00000000d5580000, 0x00000000f8400000, 0x0000000100000000)
  eden space 425984K, 0% used [0x00000000d5580000,0x00000000d5580000,0x00000000ef580000)
  from space 37888K, 29% used [0x00000000f3100000,0x00000000f3bf71e8,0x00000000f5600000)
  to   space 60928K, 0% used [0x00000000ef580000,0x00000000ef580000,0x00000000f3100000)
 ParOldGen       total 214016K, used 114160K [0x0000000080000000, 0x000000008d100000, 0x00000000d5580000)
  object space 214016K, 53% used [0x0000000080000000,0x0000000086f7c2d8,0x000000008d100000)
 Metaspace       used 80378K, capacity 83792K, committed 84136K, reserved 1122304K
  class space    used 10663K, capacity 11391K, committed 11432K, reserved 1048576K
}
Event: 507.099 GC heap before
{Heap before GC invocations=21 (full 4):
 PSYoungGen      total 463872K, used 437212K [0x00000000d5580000, 0x00000000f8400000, 0x0000000100000000)
  eden space 425984K, 100% used [0x00000000d5580000,0x00000000ef580000,0x00000000ef580000)
  from space 37888K, 29% used [0x00000000f3100000,0x00000000f3bf71e8,0x00000000f5600000)
  to   space 60928K, 0% used [0x00000000ef580000,0x00000000ef580000,0x00000000f3100000)
 ParOldGen       total 214016K, used 114160K [0x0000000080000000, 0x000000008d100000, 0x00000000d5580000)
  object space 214016K, 53% used [0x0000000080000000,0x0000000086f7c2d8,0x000000008d100000)
 Metaspace       used 83159K, capacity 86788K, committed 87080K, reserved 1124352K
  class space    used 10947K, capacity 11733K, committed 11816K, reserved 1048576K
Event: 507.213 GC heap after
Heap after GC invocations=21 (full 4):
 PSYoungGen      total 486912K, used 23636K [0x00000000d5580000, 0x00000000fbb80000, 0x0000000100000000)
  eden space 425984K, 0% used [0x00000000d5580000,0x00000000d5580000,0x00000000ef580000)
  from space 60928K, 38% used [0x00000000ef580000,0x00000000f0c951f0,0x00000000f3100000)
  to   space 57856K, 0% used [0x00000000f8300000,0x00000000f8300000,0x00000000fbb80000)
 ParOldGen       total 214016K, used 124568K [0x0000000080000000, 0x000000008d100000, 0x00000000d5580000)
  object space 214016K, 58% used [0x0000000080000000,0x00000000879a6328,0x000000008d100000)
 Metaspace       used 83159K, capacity 86788K, committed 87080K, reserved 1124352K
  class space    used 10947K, capacity 11733K, committed 11816K, reserved 1048576K
}
Event: 518.006 GC heap before
{Heap before GC invocations=22 (full 4):
 PSYoungGen      total 486912K, used 449620K [0x00000000d5580000, 0x00000000fbb80000, 0x0000000100000000)
  eden space 425984K, 100% used [0x00000000d5580000,0x00000000ef580000,0x00000000ef580000)
  from space 60928K, 38% used [0x00000000ef580000,0x00000000f0c951f0,0x00000000f3100000)
  to   space 57856K, 0% used [0x00000000f8300000,0x00000000f8300000,0x00000000fbb80000)
 ParOldGen       total 214016K, used 124568K [0x0000000080000000, 0x000000008d100000, 0x00000000d5580000)
  object space 214016K, 58% used [0x0000000080000000,0x00000000879a6328,0x000000008d100000)
 Metaspace       used 89977K, capacity 93734K, committed 93992K, reserved 1130496K
  class space    used 11734K, capacity 12552K, committed 12584K, reserved 1048576K
Event: 518.116 GC heap after
Heap after GC invocations=22 (full 4):
 PSYoungGen      total 562688K, used 39885K [0x00000000d5580000, 0x00000000fba80000, 0x0000000100000000)
  eden space 505856K, 0% used [0x00000000d5580000,0x00000000d5580000,0x00000000f4380000)
  from space 56832K, 70% used [0x00000000f8300000,0x00000000fa9f36a8,0x00000000fba80000)
  to   space 60928K, 0% used [0x00000000f4380000,0x00000000f4380000,0x00000000f7f00000)
 ParOldGen       total 214016K, used 134362K [0x0000000080000000, 0x000000008d100000, 0x00000000d5580000)
  object space 214016K, 62% used [0x0000000080000000,0x00000000883369a8,0x000000008d100000)
 Metaspace       used 89977K, capacity 93734K, committed 93992K, reserved 1130496K
  class space    used 11734K, capacity 12552K, committed 12584K, reserved 1048576K
}
Event: 526.703 GC heap before
{Heap before GC invocations=23 (full 4):
 PSYoungGen      total 562688K, used 545741K [0x00000000d5580000, 0x00000000fba80000, 0x0000000100000000)
  eden space 505856K, 100% used [0x00000000d5580000,0x00000000f4380000,0x00000000f4380000)
  from space 56832K, 70% used [0x00000000f8300000,0x00000000fa9f36a8,0x00000000fba80000)
  to   space 60928K, 0% used [0x00000000f4380000,0x00000000f4380000,0x00000000f7f00000)
 ParOldGen       total 214016K, used 134362K [0x0000000080000000, 0x000000008d100000, 0x00000000d5580000)
  object space 214016K, 62% used [0x0000000080000000,0x00000000883369a8,0x000000008d100000)
 Metaspace       used 96018K, capacity 100188K, committed 100392K, reserved 1136640K
  class space    used 12449K, capacity 13323K, committed 13352K, reserved 1048576K
Event: 526.874 GC heap after
Heap after GC invocations=23 (full 4):
 PSYoungGen      total 566784K, used 60911K [0x00000000d5580000, 0x0000000100000000, 0x0000000100000000)
  eden space 505856K, 0% used [0x00000000d5580000,0x00000000d5580000,0x00000000f4380000)
  from space 60928K, 99% used [0x00000000f4380000,0x00000000f7efbe48,0x00000000f7f00000)
  to   space 73216K, 0% used [0x00000000fb880000,0x00000000fb880000,0x0000000100000000)
 ParOldGen       total 214016K, used 140171K [0x0000000080000000, 0x000000008d100000, 0x00000000d5580000)
  object space 214016K, 65% used [0x0000000080000000,0x00000000888e2fb8,0x000000008d100000)
 Metaspace       used 96018K, capacity 100188K, committed 100392K, reserved 1136640K
  class space    used 12449K, capacity 13323K, committed 13352K, reserved 1048576K
}
Event: 538.407 GC heap before
{Heap before GC invocations=24 (full 4):
 PSYoungGen      total 566784K, used 566767K [0x00000000d5580000, 0x0000000100000000, 0x0000000100000000)
  eden space 505856K, 100% used [0x00000000d5580000,0x00000000f4380000,0x00000000f4380000)
  from space 60928K, 99% used [0x00000000f4380000,0x00000000f7efbe48,0x00000000f7f00000)
  to   space 73216K, 0% used [0x00000000fb880000,0x00000000fb880000,0x0000000100000000)
 ParOldGen       total 214016K, used 140171K [0x0000000080000000, 0x000000008d100000, 0x00000000d5580000)
  object space 214016K, 65% used [0x0000000080000000,0x00000000888e2fb8,0x000000008d100000)
 Metaspace       used 102719K, capacity 107710K, committed 107816K, reserved 1142784K
  class space    used 13308K, capacity 14324K, committed 14376K, reserved 1048576K
Event: 538.543 GC heap after
Heap after GC invocations=24 (full 4):
 PSYoungGen      total 620544K, used 47168K [0x00000000d5580000, 0x0000000100000000, 0x0000000100000000)
  eden space 547328K, 0% used [0x00000000d5580000,0x00000000d5580000,0x00000000f6c00000)
  from space 73216K, 64% used [0x00000000fb880000,0x00000000fe690090,0x0000000100000000)
  to   space 75776K, 0% used [0x00000000f6c00000,0x00000000f6c00000,0x00000000fb600000)
 ParOldGen       total 214016K, used 167430K [0x0000000080000000, 0x000000008d100000, 0x00000000d5580000)
  object space 214016K, 78% used [0x0000000080000000,0x000000008a381ae8,0x000000008d100000)
 Metaspace       used 102719K, capacity 107710K, committed 107816K, reserved 1142784K
  class space    used 13308K, capacity 14324K, committed 14376K, reserved 1048576K
}
Event: 765.217 GC heap before
{Heap before GC invocations=25 (full 4):
 PSYoungGen      total 620544K, used 594496K [0x00000000d5580000, 0x0000000100000000, 0x0000000100000000)
  eden space 547328K, 100% used [0x00000000d5580000,0x00000000f6c00000,0x00000000f6c00000)
  from space 73216K, 64% used [0x00000000fb880000,0x00000000fe690090,0x0000000100000000)
  to   space 75776K, 0% used [0x00000000f6c00000,0x00000000f6c00000,0x00000000fb600000)
 ParOldGen       total 214016K, used 167430K [0x0000000080000000, 0x000000008d100000, 0x00000000d5580000)
  object space 214016K, 78% used [0x0000000080000000,0x000000008a381ae8,0x000000008d100000)
 Metaspace       used 105241K, capacity 110466K, committed 110504K, reserved 1144832K
  class space    used 13631K, capacity 14728K, committed 14760K, reserved 1048576K

